        -:    0:Source:main.c
        -:    0:Graph:main.gcno
        -:    0:Data:main.gcda
        -:    0:Runs:3
        -:    1:#include <stdio.h>
        -:    2:
        -:    3:
        2:    4:int sum_of_even(int array[10], int length)
        -:    5:{
        2:    6:    int sum = 0, amount = 0;
       10:    7:    for (int i = 0; i < length; i++)
        -:    8:    {
        8:    9:        if (array[i] % 2 == 0)
        -:   10:        {
        2:   11:            sum += array[i];
        2:   12:            amount++;
        -:   13:        }
        -:   14:    }
        2:   15:    if (amount < 1)
        -:   16:    {
        1:   17:        return -1;
        -:   18:    }
        1:   19:    return sum;
        -:   20:}
        -:   21:
        -:   22:
        3:   23:int main()
        -:   24:{
        -:   25:    int amount, temp;
        -:   26:    int array[10];
        3:   27:    int entered = 0;
        3:   28:    printf("Enter the amount of input numbers:\n");
        3:   29:    temp = scanf("%d", &amount);
        3:   30:    if (temp != 1 || amount > 10)
        -:   31:    {
        1:   32:        printf("Input error");
        1:   33:        return 1;
        -:   34:    }
        -:   35:
        2:   36:    printf("Enter numbers: \n");
       10:   37:    while (entered < amount)
        -:   38:    {
        8:   39:        temp = scanf("%d", &array[entered]);
        8:   40:        if (temp == 1)
        -:   41:        {
        8:   42:            entered++;
        -:   43:        }
        -:   44:    }
        2:   45:    temp = sum_of_even(array, amount);
        2:   46:    if (temp == -1)
        -:   47:    {
        1:   48:        printf("There is no even numbers");
        1:   49:        return 2;
        -:   50:    }
        1:   51:    printf("%d", temp);
        1:   52:    return 0;
        -:   53:}
        -:   54:
