        -:    0:Source:main.c
        -:    0:Graph:main.gcno
        -:    0:Data:main.gcda
        -:    0:Runs:4
        -:    1:#include <stdio.h>
        -:    2:
        -:    3:
        3:    4:double arithmetical_mean(int array[10], int amount)
        -:    5:{
        3:    6:    int sum = 0;
       14:    7:    for (int i = 0; i < amount; i++)
        -:    8:    {
       11:    9:        sum += array[i];
        -:   10:    }
        3:   11:    return (double) sum / amount;
        -:   12:}
        -:   13:
        -:   14:
        4:   15:int main()
        -:   16:{
        -:   17:    int amount, temp;
        -:   18:    int array[10], new_array[10];
        4:   19:    int entered = 0;
        -:   20:    double average;
        4:   21:    printf("Enter the amount of input numbers:\n");
        4:   22:    temp = scanf("%d", &amount);
        4:   23:    if (temp != 1 || amount > 10)
        -:   24:    {
        1:   25:        printf("Input error");
        1:   26:        return 1;
        -:   27:    }
        -:   28:
        3:   29:    printf("Enter numbers: \n");
       14:   30:    while (entered < amount)
        -:   31:    {
       11:   32:        temp = scanf("%d", &array[entered]);
       11:   33:        if (temp == 1)
        -:   34:        {
       11:   35:            entered++;
        -:   36:        }
        -:   37:    }
        3:   38:    average = arithmetical_mean(array, amount);
        -:   39:
        3:   40:    temp = 0;
       14:   41:    for (int i = 0; i < amount; i++)
        -:   42:    {
       11:   43:        if (array[i] > average)
        -:   44:        {
        5:   45:            new_array[temp] = array[i];
        5:   46:            temp++;
        -:   47:        }
        -:   48:    }
        3:   49:    if (temp == 0) {
        1:   50:        printf("There is no items");
        1:   51:        return 2;
        -:   52:    }
        7:   53:    for (int i = 0; i < temp; i++)
        -:   54:    {
        5:   55:        printf("%d ", new_array[i]);
        -:   56:    }
        2:   57:    return 0;
        -:   58:}
